This is pdfTeX, Version 3.14159265-2.6-1.40.16 (TeX Live 2015/MacPorts 2015_8) (preloaded format=pdflatex 2016.2.22)  24 OCT 2017 15:58
entering extended mode
 restricted \write18 enabled.
 %&-line parsing enabled.
**neurocomputing.tex
(./neurocomputing.tex
LaTeX2e <2015/01/01>
Babel <3.9l> and hyphenation patterns for 47 languages loaded.
(./elsarticle.cls
Document Class: elsarticle 2009/09/17, 1.2.0: Elsevier Ltd
\@bls=\dimen102
(/opt/local/share/texmf-texlive/tex/latex/base/article.cls
Document Class: article 2014/09/29 v1.4h Standard LaTeX document class
(/opt/local/share/texmf-texlive/tex/latex/base/size10.clo
File: size10.clo 2014/09/29 v1.4h Standard LaTeX file (size option)
)
\c@part=\count79
\c@section=\count80
\c@subsection=\count81
\c@subsubsection=\count82
\c@paragraph=\count83
\c@subparagraph=\count84
\c@figure=\count85
\c@table=\count86
\abovecaptionskip=\skip41
\belowcaptionskip=\skip42
\bibindent=\dimen103
)
(/opt/local/share/texmf-texlive/tex/latex/graphics/graphicx.sty
Package: graphicx 2014/10/28 v1.0g Enhanced LaTeX Graphics (DPC,SPQR)

(/opt/local/share/texmf-texlive/tex/latex/graphics/keyval.sty
Package: keyval 2014/10/28 v1.15 key=value parser (DPC)
\KV@toks@=\toks14
)
(/opt/local/share/texmf-texlive/tex/latex/graphics/graphics.sty
Package: graphics 2014/10/28 v1.0p Standard LaTeX Graphics (DPC,SPQR)

(/opt/local/share/texmf-texlive/tex/latex/graphics/trig.sty
Package: trig 1999/03/16 v1.09 sin cos tan (DPC)
)
(/opt/local/share/texmf-texlive/tex/latex/latexconfig/graphics.cfg
File: graphics.cfg 2010/04/23 v1.9 graphics configuration of TeX Live
)
Package graphics Info: Driver file: pdftex.def on input line 94.

(/opt/local/share/texmf-texlive/tex/latex/pdftex-def/pdftex.def
File: pdftex.def 2011/05/27 v0.06d Graphics/color for pdfTeX

(/opt/local/share/texmf-texlive/tex/generic/oberdiek/infwarerr.sty
Package: infwarerr 2010/04/08 v1.3 Providing info/warning/error messages (HO)
)
(/opt/local/share/texmf-texlive/tex/generic/oberdiek/ltxcmds.sty
Package: ltxcmds 2011/11/09 v1.22 LaTeX kernel commands for general use (HO)
)
\Gread@gobject=\count87
))
\Gin@req@height=\dimen104
\Gin@req@width=\dimen105
)
(/opt/local/share/texmf-texlive/tex/latex/psnfss/pifont.sty
Package: pifont 2005/04/12 PSNFSS-v9.2a Pi font support (SPQR) 
LaTeX Font Info:    Try loading font information for U+pzd on input line 63.

(/opt/local/share/texmf-texlive/tex/latex/psnfss/upzd.fd
File: upzd.fd 2001/06/04 font definitions for U/pzd.
)
LaTeX Font Info:    Try loading font information for U+psy on input line 64.

(/opt/local/share/texmf-texlive/tex/latex/psnfss/upsy.fd
File: upsy.fd 2001/06/04 font definitions for U/psy.
))
\c@tnote=\count88
\c@fnote=\count89
\c@cnote=\count90
\c@ead=\count91
\c@author=\count92
\@eadauthor=\toks15
\c@affn=\count93
\absbox=\box26
\keybox=\box27
\Columnwidth=\dimen106
\space@left=\dimen107
\els@boxa=\box28
\els@boxb=\box29
\leftMargin=\dimen108
\@enLab=\toks16
\@sep=\skip43
\@@sep=\skip44

(./neurocomputing.spl)
(/opt/local/share/texmf-texlive/tex/latex/natbib/natbib.sty
Package: natbib 2010/09/13 8.31b (PWD, AO)
\bibhang=\skip45
\bibsep=\skip46
LaTeX Info: Redefining \cite on input line 694.
\c@NAT@ctr=\count94
)
\splwrite=\write3
\openout3 = `neurocomputing.spl'.

)
(/opt/local/share/texmf-texlive/tex/latex/lineno/lineno.sty
Package: lineno 2005/11/02 line numbers on paragraphs v4.41
\linenopenalty=\count95
\output=\toks17
\linenoprevgraf=\count96
\linenumbersep=\dimen109
\linenumberwidth=\dimen110
\c@linenumber=\count97
\c@pagewiselinenumber=\count98
\c@LN@truepage=\count99
\c@internallinenumber=\count100
\c@internallinenumbers=\count101
\quotelinenumbersep=\dimen111
\bframerule=\dimen112
\bframesep=\dimen113
\bframebox=\box30
LaTeX Info: Redefining \\ on input line 3056.
)
(/opt/local/share/texmf-texlive/tex/latex/hyperref/hyperref.sty
Package: hyperref 2012/11/06 v6.83m Hypertext links for LaTeX

(/opt/local/share/texmf-texlive/tex/generic/oberdiek/hobsub-hyperref.sty
Package: hobsub-hyperref 2012/05/28 v1.13 Bundle oberdiek, subset hyperref (HO)


(/opt/local/share/texmf-texlive/tex/generic/oberdiek/hobsub-generic.sty
Package: hobsub-generic 2012/05/28 v1.13 Bundle oberdiek, subset generic (HO)
Package: hobsub 2012/05/28 v1.13 Construct package bundles (HO)
Package hobsub Info: Skipping package `infwarerr' (already loaded).
Package hobsub Info: Skipping package `ltxcmds' (already loaded).
Package: ifluatex 2010/03/01 v1.3 Provides the ifluatex switch (HO)
Package ifluatex Info: LuaTeX not detected.
Package: ifvtex 2010/03/01 v1.5 Detect VTeX and its facilities (HO)
Package ifvtex Info: VTeX not detected.
Package: intcalc 2007/09/27 v1.1 Expandable calculations with integers (HO)
Package: ifpdf 2011/01/30 v2.3 Provides the ifpdf switch (HO)
Package ifpdf Info: pdfTeX in PDF mode is detected.
Package: etexcmds 2011/02/16 v1.5 Avoid name clashes with e-TeX commands (HO)
Package etexcmds Info: Could not find \expanded.
(etexcmds)             That can mean that you are not using pdfTeX 1.50 or
(etexcmds)             that some package has redefined \expanded.
(etexcmds)             In the latter case, load this package earlier.
Package: kvsetkeys 2012/04/25 v1.16 Key value parser (HO)
Package: kvdefinekeys 2011/04/07 v1.3 Define keys (HO)
Package: pdftexcmds 2011/11/29 v0.20 Utility functions of pdfTeX for LuaTeX (HO
)
Package pdftexcmds Info: LuaTeX not detected.
Package pdftexcmds Info: \pdf@primitive is available.
Package pdftexcmds Info: \pdf@ifprimitive is available.
Package pdftexcmds Info: \pdfdraftmode found.
Package: pdfescape 2011/11/25 v1.13 Implements pdfTeX's escape features (HO)
Package: bigintcalc 2012/04/08 v1.3 Expandable calculations on big integers (HO
)
Package: bitset 2011/01/30 v1.1 Handle bit-vector datatype (HO)
Package: uniquecounter 2011/01/30 v1.2 Provide unlimited unique counter (HO)
)
Package hobsub Info: Skipping package `hobsub' (already loaded).
Package: letltxmacro 2010/09/02 v1.4 Let assignment for LaTeX macros (HO)
Package: hopatch 2012/05/28 v1.2 Wrapper for package hooks (HO)
Package: xcolor-patch 2011/01/30 xcolor patch
Package: atveryend 2011/06/30 v1.8 Hooks at the very end of document (HO)
Package atveryend Info: \enddocument detected (standard20110627).
Package: atbegshi 2011/10/05 v1.16 At begin shipout hook (HO)
Package: refcount 2011/10/16 v3.4 Data extraction from label references (HO)
Package: hycolor 2011/01/30 v1.7 Color options for hyperref/bookmark (HO)
)
(/opt/local/share/texmf-texlive/tex/generic/ifxetex/ifxetex.sty
Package: ifxetex 2010/09/12 v0.6 Provides ifxetex conditional
)
(/opt/local/share/texmf-texlive/tex/latex/oberdiek/auxhook.sty
Package: auxhook 2011/03/04 v1.3 Hooks for auxiliary files (HO)
)
(/opt/local/share/texmf-texlive/tex/latex/oberdiek/kvoptions.sty
Package: kvoptions 2011/06/30 v3.11 Key value format for package options (HO)
)
\@linkdim=\dimen114
\Hy@linkcounter=\count102
\Hy@pagecounter=\count103

(/opt/local/share/texmf-texlive/tex/latex/hyperref/pd1enc.def
File: pd1enc.def 2012/11/06 v6.83m Hyperref: PDFDocEncoding definition (HO)
)
\Hy@SavedSpaceFactor=\count104

(/opt/local/share/texmf-texlive/tex/latex/latexconfig/hyperref.cfg
File: hyperref.cfg 2002/06/06 v1.2 hyperref configuration of TeXLive
)
Package hyperref Info: Hyper figures OFF on input line 4443.
Package hyperref Info: Link nesting OFF on input line 4448.
Package hyperref Info: Hyper index ON on input line 4451.
Package hyperref Info: Plain pages OFF on input line 4458.
Package hyperref Info: Backreferencing OFF on input line 4463.
Package hyperref Info: Implicit mode ON; LaTeX internals redefined.
Package hyperref Info: Bookmarks ON on input line 4688.
\c@Hy@tempcnt=\count105

(/opt/local/share/texmf-texlive/tex/latex/url/url.sty
\Urlmuskip=\muskip10
Package: url 2013/09/16  ver 3.4  Verb mode for urls, etc.
)
LaTeX Info: Redefining \url on input line 5041.
\XeTeXLinkMargin=\dimen115
\Fld@menulength=\count106
\Field@Width=\dimen116
\Fld@charsize=\dimen117
Package hyperref Info: Hyper figures OFF on input line 6295.
Package hyperref Info: Link nesting OFF on input line 6300.
Package hyperref Info: Hyper index ON on input line 6303.
Package hyperref Info: backreferencing OFF on input line 6310.
Package hyperref Info: Link coloring OFF on input line 6315.
Package hyperref Info: Link coloring with OCG OFF on input line 6320.
Package hyperref Info: PDF/A mode OFF on input line 6325.
LaTeX Info: Redefining \ref on input line 6365.
LaTeX Info: Redefining \pageref on input line 6369.
\Hy@abspage=\count107
\c@Item=\count108
\c@Hfootnote=\count109
)

Package hyperref Message: Driver (autodetected): hpdftex.

(/opt/local/share/texmf-texlive/tex/latex/hyperref/hpdftex.def
File: hpdftex.def 2012/11/06 v6.83m Hyperref driver for pdfTeX
\Fld@listcount=\count110
\c@bookmark@seq@number=\count111

(/opt/local/share/texmf-texlive/tex/latex/oberdiek/rerunfilecheck.sty
Package: rerunfilecheck 2011/04/15 v1.7 Rerun checks for auxiliary files (HO)
Package uniquecounter Info: New unique counter `rerunfilecheck' on input line 2
82.
)
\Hy@SectionHShift=\skip47
)
\c@definition=\count112

(/opt/local/share/texmf-texlive/tex/latex/amsfonts/amssymb.sty
Package: amssymb 2013/01/14 v3.01 AMS font symbols

(/opt/local/share/texmf-texlive/tex/latex/amsfonts/amsfonts.sty
Package: amsfonts 2013/01/14 v3.01 Basic AMSFonts support
\@emptytoks=\toks18
\symAMSa=\mathgroup4
\symAMSb=\mathgroup5
LaTeX Font Info:    Overwriting math alphabet `\mathfrak' in version `bold'
(Font)                  U/euf/m/n --> U/euf/b/n on input line 106.
))
(/opt/local/share/texmf-texlive/tex/latex/amsmath/amsmath.sty
Package: amsmath 2013/01/14 v2.14 AMS math features
\@mathmargin=\skip48

For additional information on amsmath, use the `?' option.
(/opt/local/share/texmf-texlive/tex/latex/amsmath/amstext.sty
Package: amstext 2000/06/29 v2.01

(/opt/local/share/texmf-texlive/tex/latex/amsmath/amsgen.sty
File: amsgen.sty 1999/11/30 v2.0
\@emptytoks=\toks19
\ex@=\dimen118
))
(/opt/local/share/texmf-texlive/tex/latex/amsmath/amsbsy.sty
Package: amsbsy 1999/11/29 v1.2d
\pmbraise@=\dimen119
)
(/opt/local/share/texmf-texlive/tex/latex/amsmath/amsopn.sty
Package: amsopn 1999/12/14 v2.01 operator names
)
\inf@bad=\count113
LaTeX Info: Redefining \frac on input line 210.
\uproot@=\count114
\leftroot@=\count115
LaTeX Info: Redefining \overline on input line 306.
\classnum@=\count116
\DOTSCASE@=\count117
LaTeX Info: Redefining \ldots on input line 378.
LaTeX Info: Redefining \dots on input line 381.
LaTeX Info: Redefining \cdots on input line 466.
\Mathstrutbox@=\box31
\strutbox@=\box32
\big@size=\dimen120
LaTeX Font Info:    Redeclaring font encoding OML on input line 566.
LaTeX Font Info:    Redeclaring font encoding OMS on input line 567.
\macc@depth=\count118
\c@MaxMatrixCols=\count119
\dotsspace@=\muskip11
\c@parentequation=\count120
\dspbrk@lvl=\count121
\tag@help=\toks20
\row@=\count122
\column@=\count123
\maxfields@=\count124
\andhelp@=\toks21
\eqnshift@=\dimen121
\alignsep@=\dimen122
\tagshift@=\dimen123
\tagwidth@=\dimen124
\totwidth@=\dimen125
\lineht@=\dimen126
\@envbody=\toks22
\multlinegap=\skip49
\multlinetaggap=\skip50
\mathdisplay@stack=\toks23
LaTeX Info: Redefining \[ on input line 2665.
LaTeX Info: Redefining \] on input line 2666.
)
(/opt/local/share/texmf-texlive/tex/latex/tools/array.sty
Package: array 2014/10/28 v2.4c Tabular extension package (FMi)
\col@sep=\dimen127
\extrarowheight=\dimen128
\NC@list=\toks24
\extratabsurround=\skip51
\backup@length=\skip52
)
(/opt/local/share/texmf-texlive/tex/latex/xcolor/xcolor.sty
Package: xcolor 2007/01/21 v2.11 LaTeX color extensions (UK)

(/opt/local/share/texmf-texlive/tex/latex/latexconfig/color.cfg
File: color.cfg 2007/01/18 v1.5 color configuration of teTeX/TeXLive
)
Package xcolor Info: Driver file: pdftex.def on input line 225.
Package xcolor Info: Model `cmy' substituted by `cmy0' on input line 1337.
Package xcolor Info: Model `hsb' substituted by `rgb' on input line 1341.
Package xcolor Info: Model `RGB' extended on input line 1353.
Package xcolor Info: Model `HTML' substituted by `rgb' on input line 1355.
Package xcolor Info: Model `Hsb' substituted by `hsb' on input line 1356.
Package xcolor Info: Model `tHsb' substituted by `hsb' on input line 1357.
Package xcolor Info: Model `HSB' substituted by `hsb' on input line 1358.
Package xcolor Info: Model `Gray' substituted by `gray' on input line 1359.
Package xcolor Info: Model `wave' substituted by `hsb' on input line 1360.
)
(/opt/local/share/texmf-texlive/tex/latex/fixme/fixme.sty
Package: fixme 2013/01/28 v4.2 Collaborative annotations for LaTeX2e

(/opt/local/share/texmf-texlive/tex/latex/base/ifthen.sty
Package: ifthen 2014/09/29 v1.1c Standard LaTeX ifthen package (DPC)
)
(/opt/local/share/texmf-texlive/tex/latex/tools/verbatim.sty
Package: verbatim 2014/10/28 v1.5q LaTeX2e package for verbatim enhancements
\every@verbatim=\toks25
\verbatim@line=\toks26
\verbatim@in@stream=\read1
)
(/opt/local/share/texmf-texlive/tex/latex/xkeyval/xkeyval.sty
Package: xkeyval 2014/12/03 v2.7a package option processing (HA)

(/opt/local/share/texmf-texlive/tex/generic/xkeyval/xkeyval.tex
(/opt/local/share/texmf-texlive/tex/generic/xkeyval/xkvutils.tex
\XKV@toks=\toks27
\XKV@tempa@toks=\toks28
)
\XKV@depth=\count125
File: xkeyval.tex 2014/12/03 v2.7a key=value parser (HA)
))
\c@fixmecount=\count126
\c@fxnotecount=\count127
\c@fxwarningcount=\count128
\c@fxerrorcount=\count129
\c@fxfatalcount=\count130
)
(/opt/local/share/texmf-texlive/tex/latex/fixme/themes/fxthemecolor.sty
Package: fxthemecolor 

(/opt/local/share/texmf-texlive/tex/latex/fixme/layouts/env/fxenvlayoutcolor.st
y
Package: fxenvlayoutcolor 
)
(/opt/local/share/texmf-texlive/tex/latex/fixme/layouts/target/fxtargetlayoutco
lor.sty
Package: fxtargetlayoutcolor 
)) (./neurocomputing.aux)
\openout1 = `neurocomputing.aux'.

LaTeX Font Info:    Checking defaults for OML/cmm/m/it on input line 66.
LaTeX Font Info:    ... okay on input line 66.
LaTeX Font Info:    Checking defaults for T1/cmr/m/n on input line 66.
LaTeX Font Info:    ... okay on input line 66.
LaTeX Font Info:    Checking defaults for OT1/cmr/m/n on input line 66.
LaTeX Font Info:    ... okay on input line 66.
LaTeX Font Info:    Checking defaults for OMS/cmsy/m/n on input line 66.
LaTeX Font Info:    ... okay on input line 66.
LaTeX Font Info:    Checking defaults for OMX/cmex/m/n on input line 66.
LaTeX Font Info:    ... okay on input line 66.
LaTeX Font Info:    Checking defaults for U/cmr/m/n on input line 66.
LaTeX Font Info:    ... okay on input line 66.
LaTeX Font Info:    Checking defaults for PD1/pdf/m/n on input line 66.
LaTeX Font Info:    ... okay on input line 66.

(/opt/local/share/texmf-texlive/tex/context/base/supp-pdf.mkii
[Loading MPS to PDF converter (version 2006.09.02).]
\scratchcounter=\count131
\scratchdimen=\dimen129
\scratchbox=\box33
\nofMPsegments=\count132
\nofMParguments=\count133
\everyMPshowfont=\toks29
\MPscratchCnt=\count134
\MPscratchDim=\dimen130
\MPnumerator=\count135
\makeMPintoPDFobject=\count136
\everyMPtoPDFconversion=\toks30
) (/opt/local/share/texmf-texlive/tex/latex/oberdiek/epstopdf-base.sty
Package: epstopdf-base 2010/02/09 v2.5 Base part for package epstopdf

(/opt/local/share/texmf-texlive/tex/latex/oberdiek/grfext.sty
Package: grfext 2010/08/19 v1.1 Manage graphics extensions (HO)
)
Package grfext Info: Graphics extension search list:
(grfext)             [.png,.pdf,.jpg,.mps,.jpeg,.jbig2,.jb2,.PNG,.PDF,.JPG,.JPE
G,.JBIG2,.JB2,.eps]
(grfext)             \AppendGraphicsExtensions on input line 452.

(/opt/local/share/texmf-texlive/tex/latex/latexconfig/epstopdf-sys.cfg
File: epstopdf-sys.cfg 2010/07/13 v1.3 Configuration of (r)epstopdf for TeX Liv
e
))
\AtBeginShipoutBox=\box34
Package hyperref Info: Link coloring OFF on input line 66.

(/opt/local/share/texmf-texlive/tex/latex/hyperref/nameref.sty
Package: nameref 2012/10/27 v2.43 Cross-referencing by name of section

(/opt/local/share/texmf-texlive/tex/generic/oberdiek/gettitlestring.sty
Package: gettitlestring 2010/12/03 v1.4 Cleanup title references (HO)
)
\c@section@level=\count137
)
LaTeX Info: Redefining \ref on input line 66.
LaTeX Info: Redefining \pageref on input line 66.
LaTeX Info: Redefining \nameref on input line 66.

(./neurocomputing.out) (./neurocomputing.out)
\@outlinefile=\write4
\openout4 = `neurocomputing.out'.

LaTeX Font Info:    Try loading font information for U+msa on input line 103.

(/opt/local/share/texmf-texlive/tex/latex/amsfonts/umsa.fd
File: umsa.fd 2013/01/14 v3.01 AMS symbols A
)
LaTeX Font Info:    Try loading font information for U+msb on input line 103.

(/opt/local/share/texmf-texlive/tex/latex/amsfonts/umsb.fd
File: umsb.fd 2013/01/14 v3.01 AMS symbols B
) [1


{/opt/local/var/db/texmf/fonts/map/pdftex/updmap/pdftex.map}] [2]
LaTeX Font Info:    Try loading font information for OMS+cmr on input line 122.


(/opt/local/share/texmf-texlive/tex/latex/base/omscmr.fd
File: omscmr.fd 2014/09/29 v2.5h Standard LaTeX font definitions
)
LaTeX Font Info:    Font shape `OMS/cmr/m/n' in size <10> not available
(Font)              Font shape `OMS/cmsy/m/n' tried instead on input line 122.
 [3] [4]

LaTeX Warning: Reference `sec:ndpdk' on page 5 undefined on input line 154.

<nspdk.pdf, id=132, 186.86551pt x 32.65063pt>
File: nspdk.pdf Graphic file (type pdf)
 <use nspdk.pdf>
Package pdftex.def Info: nspdk.pdf used on input line 167.
(pdftex.def)             Requested size: 310.4979pt x 54.2588pt.
 [5] [6 <./nspdk.pdf>] [7] [8] <k_core.pdf, id=544, 157.34698pt x 68.42719pt>
File: k_core.pdf Graphic file (type pdf)
 <use k_core.pdf>
Package pdftex.def Info: k_core.pdf used on input line 221.
(pdftex.def)             Requested size: 310.4979pt x 135.03098pt.

[9] <cliques.png, id=552, 462.528pt x 346.896pt>
File: cliques.png Graphic file (type png)
 <use cliques.png>
Package pdftex.def Info: cliques.png used on input line 232.
(pdftex.def)             Requested size: 310.4979pt x 232.8849pt.
 [10 <./k_core.pdf>]

pdfTeX warning: pdflatex (file ./cdnk.pdf): PDF inclusion: found PDF version <1
.7>, but at most version <1.5> allowed
<cdnk.pdf, id=1763, 163.88226pt x 58.17805pt>
File: cdnk.pdf Graphic file (type pdf)
 <use cdnk.pdf>
Package pdftex.def Info: cdnk.pdf used on input line 259.
(pdftex.def)             Requested size: 310.4979pt x 110.2305pt.
 [11 <./cliques.png>] [12 <./cdnk.pdf>] [13]

LaTeX Warning: Reference `tab:cdnk-diseases' on page 14 undefined on input line
 288.


Overfull \hbox (7.95888pt too wide) in paragraph at lines 288--290
[]\OT1/cmr/m/n/10 The ex-per-i-ments are per-formed on two sep-a-rate net-works
 de-rived from BioGPS
 []


Overfull \hbox (10.17859pt too wide) in paragraph at lines 290--291
[]\OT1/cmr/bx/n/10 BioGPS: \OT1/cmr/m/n/10 A gene co-expression net-work is con
-structed from BioGPS dataset,
 []

[14] [15] [16]
Overfull \hbox (2.40923pt too wide) in paragraph at lines 379--415
 [][] 
 []

[17] [18] [19]
File: cliques.png Graphic file (type png)
 <use cliques.png>
Package pdftex.def Info: cliques.png used on input line 421.
(pdftex.def)             Requested size: 162.15042pt x 121.61125pt.

<distance.png, id=1981, 462.528pt x 346.896pt>
File: distance.png Graphic file (type png)
 <use distance.png>
Package pdftex.def Info: distance.png used on input line 427.
(pdftex.def)             Requested size: 162.15042pt x 121.61125pt.

<degree.png, id=1982, 462.528pt x 346.896pt>
File: degree.png Graphic file (type png)
 <use degree.png>
Package pdftex.def Info: degree.png used on input line 436.
(pdftex.def)             Requested size: 162.15042pt x 121.61125pt.

<vec_size.png, id=1983, 462.528pt x 346.896pt>
File: vec_size.png Graphic file (type png)
 <use vec_size.png>
Package pdftex.def Info: vec_size.png used on input line 441.
(pdftex.def)             Requested size: 162.15042pt x 121.61125pt.
 [20 <./distance.png> <./degree.png> <./vec_size.png>] (./neurocomputing.bbl [2
1])

FiXme Summary: Number of notes: 0,
(FiXme)        Number of warnings: 0,
(FiXme)        Number of errors: 0,
(FiXme)        Number of fatal errors: 0,
(FiXme)        Total: 0.

Package atveryend Info: Empty hook `BeforeClearDocument' on input line 488.
[22]
Package atveryend Info: Empty hook `AfterLastShipout' on input line 488.
 (./neurocomputing.aux)
Package atveryend Info: Executing hook `AtVeryEndDocument' on input line 488.
Package atveryend Info: Executing hook `AtEndAfterFileList' on input line 488.
Package rerunfilecheck Info: File `neurocomputing.out' has not changed.
(rerunfilecheck)             Checksum: E379D21BAB10CC181FA5DFB9C785D443;1154.


LaTeX Warning: There were undefined references.

Package atveryend Info: Empty hook `AtVeryVeryEnd' on input line 488.
 ) 
Here is how much of TeX's memory you used:
 8121 strings out of 494119
 115466 string characters out of 6155692
 222775 words of memory out of 5000000
 11232 multiletter control sequences out of 15000+600000
 13476 words of font info for 49 fonts, out of 8000000 for 9000
 475 hyphenation exceptions out of 8191
 40i,11n,65p,1392b,463s stack positions out of 5000i,500n,10000p,200000b,80000s
</opt/local/share/texmf-texlive/fonts/type1/public/amsfonts/cm/cmbx10.pfb></o
pt/local/share/texmf-texlive/fonts/type1/public/amsfonts/cm/cmbxti10.pfb></opt/
local/share/texmf-texlive/fonts/type1/public/amsfonts/cm/cmex10.pfb></opt/local
/share/texmf-texlive/fonts/type1/public/amsfonts/cm/cmmi10.pfb></opt/local/shar
e/texmf-texlive/fonts/type1/public/amsfonts/cm/cmmi5.pfb></opt/local/share/texm
f-texlive/fonts/type1/public/amsfonts/cm/cmmi7.pfb></opt/local/share/texmf-texl
ive/fonts/type1/public/amsfonts/cm/cmmi8.pfb></opt/local/share/texmf-texlive/fo
nts/type1/public/amsfonts/cm/cmr10.pfb></opt/local/share/texmf-texlive/fonts/ty
pe1/public/amsfonts/cm/cmr12.pfb></opt/local/share/texmf-texlive/fonts/type1/pu
blic/amsfonts/cm/cmr5.pfb></opt/local/share/texmf-texlive/fonts/type1/public/am
sfonts/cm/cmr7.pfb></opt/local/share/texmf-texlive/fonts/type1/public/amsfonts/
cm/cmr8.pfb></opt/local/share/texmf-texlive/fonts/type1/public/amsfonts/cm/cmss
8.pfb></opt/local/share/texmf-texlive/fonts/type1/public/amsfonts/cm/cmsy10.pfb
></opt/local/share/texmf-texlive/fonts/type1/public/amsfonts/cm/cmsy5.pfb></opt
/local/share/texmf-texlive/fonts/type1/public/amsfonts/cm/cmsy7.pfb></opt/local
/share/texmf-texlive/fonts/type1/public/amsfonts/cm/cmti10.pfb></opt/local/shar
e/texmf-texlive/fonts/type1/public/amsfonts/cm/cmti7.pfb></opt/local/share/texm
f-texlive/fonts/type1/public/amsfonts/cm/cmti8.pfb></opt/local/share/texmf-texl
ive/fonts/type1/public/amsfonts/symbols/msbm10.pfb>
Output written on neurocomputing.pdf (22 pages, 613409 bytes).
PDF statistics:
 2089 PDF objects out of 2487 (max. 8388607)
 1403 compressed objects within 15 object streams
 77 named destinations out of 1000 (max. 500000)
 180 words of extra memory for PDF output out of 10000 (max. 10000000)

